2026-03-11 12:03:47,296 [INFO] googleapiclient.discovery_cache: file_cache is only supported with oauth2client<4.0.0
2026-03-11 12:03:48,335 [INFO] geo_project.calendar.geo_calendar: Event created: https://www.google.com/calendar/event?eid=czVzdnN0ZjQ2MDI0YjRmNHJsZmlnaWhjNm8gc3R1cy5hZHJpYW5AbQ
2026-03-11 17:00:26,134 [INFO] httpx: HTTP Request: GET http://testserver/OSM/peaks?south=49&west=19&north=50&east=20 "HTTP/1.1 400 Bad Request"
2026-03-11 17:00:26,332 [INFO] httpx: HTTP Request: GET http://testserver/OSM/viewpoints?south=49&west=19&north=50&east=20 "HTTP/1.1 400 Bad Request"
2026-03-11 17:00:26,343 [INFO] httpx: HTTP Request: GET http://testserver/OSM/routes?lat=50.1&lon=19.9&id=1 "HTTP/1.1 400 Bad Request"
2026-03-11 17:00:26,354 [INFO] httpx: HTTP Request: GET http://testserver/OSM/premade_routes?lat=50.1&lon=19.9&id=1 "HTTP/1.1 400 Bad Request"
2026-03-11 17:00:26,364 [INFO] httpx: HTTP Request: GET http://testserver/OWM/weather_day_of_trip?lat=50.1&lon=19.9&trip_date=2026-03-14 "HTTP/1.1 400 Bad Request"
2026-03-11 17:00:26,376 [INFO] httpx: HTTP Request: GET http://testserver/OWM/day_weather_forecast?lat=50.1&lon=19.9 "HTTP/1.1 400 Bad Request"
2026-03-11 17:05:29,618 [INFO] httpx: HTTP Request: GET http://testserver/OSM/peaks?south=35&west=125&north=34&east=126 "HTTP/1.1 400 Bad Request"
2026-03-11 17:05:29,816 [INFO] httpx: HTTP Request: GET http://testserver/OSM/viewpoints?south=35&west=125&north=34&east=126 "HTTP/1.1 400 Bad Request"
2026-03-11 17:05:29,826 [INFO] httpx: HTTP Request: GET http://testserver/OSM/routes?lat=35&lon=125&id=1 "HTTP/1.1 200 OK"
2026-03-11 17:05:29,833 [INFO] httpx: HTTP Request: GET http://testserver/OSM/premade_routes?lat=35&lon=125&id=1 "HTTP/1.1 200 OK"
2026-03-11 17:09:54,036 [INFO] httpx: HTTP Request: GET http://testserver/OSM/peaks?south=35&west=125&north=34&east=126 "HTTP/1.1 400 Bad Request"
2026-03-11 17:09:54,233 [INFO] httpx: HTTP Request: GET http://testserver/OSM/viewpoints?south=35&west=125&north=34&east=126 "HTTP/1.1 400 Bad Request"
2026-03-11 17:09:54,243 [INFO] httpx: HTTP Request: GET http://testserver/OSM/routes?lat=35&lon=125&id=1 "HTTP/1.1 200 OK"
2026-03-11 17:09:54,250 [INFO] httpx: HTTP Request: GET http://testserver/OSM/premade_routes?lat=35&lon=125&id=1 "HTTP/1.1 200 OK"
2026-03-11 17:09:54,642 [INFO] httpx: HTTP Request: GET http://testserver/OWM/day_weather_forecast?lat=35&lon=125 "HTTP/1.1 200 OK"
2026-03-11 17:11:40,215 [INFO] httpx: HTTP Request: GET http://testserver/OSM/peaks?south=35&west=125&north=34&east=126 "HTTP/1.1 400 Bad Request"
2026-03-11 17:11:40,420 [INFO] httpx: HTTP Request: GET http://testserver/OSM/viewpoints?south=35&west=125&north=34&east=126 "HTTP/1.1 400 Bad Request"
2026-03-11 17:11:40,431 [INFO] httpx: HTTP Request: GET http://testserver/OSM/routes?lat=35&lon=125&id=1 "HTTP/1.1 200 OK"
2026-03-11 17:11:40,438 [INFO] httpx: HTTP Request: GET http://testserver/OSM/premade_routes?lat=35&lon=125&id=1 "HTTP/1.1 200 OK"
2026-03-11 17:11:40,447 [INFO] httpx: HTTP Request: GET http://testserver/OWM/weather_day_of_trip?lat=35&lon=125 "HTTP/1.1 422 Unprocessable Entity"
2026-03-11 17:11:40,458 [INFO] httpx: HTTP Request: GET http://testserver/OWM/day_weather_forecast?lat=35&lon=125 "HTTP/1.1 200 OK"
2026-03-11 17:16:21,846 [INFO] httpx: HTTP Request: GET http://testserver/OSM/peaks?south=34&west=125&north=35&east=126 "HTTP/1.1 400 Bad Request"
2026-03-11 17:16:22,045 [INFO] httpx: HTTP Request: GET http://testserver/OSM/viewpoints?south=34&west=125&north=35&east=126 "HTTP/1.1 400 Bad Request"
2026-03-11 17:16:22,055 [INFO] httpx: HTTP Request: GET http://testserver/OSM/routes?lat=35&lon=125&id=1 "HTTP/1.1 200 OK"
2026-03-11 17:16:22,062 [INFO] httpx: HTTP Request: GET http://testserver/OSM/premade_routes?lat=35&lon=125&id=1 "HTTP/1.1 200 OK"
2026-03-11 17:16:22,459 [INFO] httpx: HTTP Request: GET http://testserver/OWM/day_weather_forecast?lat=35&lon=125 "HTTP/1.1 200 OK"
2026-03-11 17:18:24,263 [INFO] httpx: HTTP Request: GET http://testserver/OSM/peaks?south=34&west=125&north=35&east=126 "HTTP/1.1 400 Bad Request"
2026-03-11 17:18:24,455 [INFO] httpx: HTTP Request: GET http://testserver/OSM/viewpoints?south=34&west=125&north=35&east=126 "HTTP/1.1 400 Bad Request"
2026-03-11 17:18:24,465 [INFO] httpx: HTTP Request: GET http://testserver/OSM/routes?lat=35&lon=125&id=1 "HTTP/1.1 200 OK"
2026-03-11 17:18:24,472 [INFO] httpx: HTTP Request: GET http://testserver/OSM/premade_routes?lat=35&lon=125&id=1 "HTTP/1.1 200 OK"
2026-03-11 17:18:24,869 [INFO] httpx: HTTP Request: GET http://testserver/OWM/day_weather_forecast?lat=35&lon=125 "HTTP/1.1 200 OK"
2026-03-11 17:19:14,761 [INFO] httpx: HTTP Request: GET http://testserver/OSM/peaks?south=34&west=125&north=35&east=126 "HTTP/1.1 400 Bad Request"
2026-03-11 17:19:14,957 [INFO] httpx: HTTP Request: GET http://testserver/OSM/viewpoints?south=34&west=125&north=35&east=126 "HTTP/1.1 400 Bad Request"
2026-03-11 17:19:14,967 [INFO] httpx: HTTP Request: GET http://testserver/OSM/routes?lat=35&lon=125&id=1 "HTTP/1.1 200 OK"
2026-03-11 17:19:14,973 [INFO] httpx: HTTP Request: GET http://testserver/OSM/premade_routes?lat=35&lon=125&id=1 "HTTP/1.1 200 OK"
2026-03-11 17:19:14,981 [INFO] httpx: HTTP Request: GET http://testserver/OWM/weather_day_of_trip?lat=35&lon=125 "HTTP/1.1 200 OK"
2026-03-11 17:19:14,989 [INFO] httpx: HTTP Request: GET http://testserver/OWM/day_weather_forecast?lat=35&lon=125 "HTTP/1.1 200 OK"
2026-03-11 17:22:05,361 [INFO] httpx: HTTP Request: GET http://testserver/OSM/peaks?south=36.3655&west=127.783&north=36.3657&east=127.7834 "HTTP/1.1 200 OK"
2026-03-11 17:22:05,370 [INFO] httpx: HTTP Request: GET http://testserver/OSM/viewpoints?south=36.3655&west=127.783&north=36.3657&east=127.7834 "HTTP/1.1 200 OK"
2026-03-11 17:22:05,377 [INFO] httpx: HTTP Request: GET http://testserver/OSM/routes?lat=35&lon=125&id=1 "HTTP/1.1 200 OK"
2026-03-11 17:22:05,385 [INFO] httpx: HTTP Request: GET http://testserver/OSM/premade_routes?lat=35&lon=125&id=1 "HTTP/1.1 200 OK"
2026-03-11 17:22:05,393 [INFO] httpx: HTTP Request: GET http://testserver/OWM/weather_day_of_trip?lat=35&lon=125 "HTTP/1.1 200 OK"
2026-03-11 17:22:05,401 [INFO] httpx: HTTP Request: GET http://testserver/OWM/day_weather_forecast?lat=35&lon=125 "HTTP/1.1 200 OK"
2026-03-11 17:54:34,163 [INFO] googleapiclient.discovery_cache: file_cache is only supported with oauth2client<4.0.0
2026-03-11 17:54:35,261 [INFO] geo_project.calendar.geo_calendar: Event created: https://www.google.com/calendar/event?eid=Y2hhb3JzOHUyNmEzNjlvc2Jxb2p0cTBlbTAgc3R1cy5hZHJpYW5AbQ
